{
  "RSpec": {
    "coverage": {
      "C:/Users/Danie/Desktop/Makers/TechTest/DatabaseServer/lib/database-connection.rb": {
        "lines": [
          1,
          null,
          1,
          null,
          1,
          3,
          null,
          null,
          null,
          null
        ]
      },
      "C:/Users/Danie/Desktop/Makers/TechTest/DatabaseServer/app.rb": {
        "lines": [
          1,
          null,
          1,
          null,
          1,
          1,
          null,
          1,
          1,
          null,
          null,
          1,
          4,
          4,
          null,
          null,
          1,
          2,
          2,
          null,
          null,
          null
        ]
      },
      "C:/Users/Danie/Desktop/Makers/TechTest/DatabaseServer/spec/features/app_spec.rb": {
        "lines": [
          1,
          null,
          1,
          null,
          1,
          1,
          1,
          1,
          null,
          null,
          null
        ]
      },
      "C:/Users/Danie/Desktop/Makers/TechTest/DatabaseServer/spec/features/set-and-get_spec.rb": {
        "lines": [
          1,
          null,
          1,
          null,
          1,
          2,
          null,
          null,
          1,
          1,
          1,
          null,
          null,
          1,
          1,
          1,
          1,
          1,
          1,
          1,
          1,
          null,
          null,
          null
        ]
      }
    },
    "timestamp": 1599823948
  }
}
